[2015-07-16 11:36:54] START
[2015-07-16 11:40:03] CREATE trains: 0
[2015-07-16 11:41:04] DELETE TrainCountingExample/static/trains: 0
[2015-07-16 11:48:19] CREATE trains: 0
[2015-07-16 11:48:29] DELETE TrainCountingExample/static/trains: 0
[2015-07-16 13:13:26] EDIT TrainCountingExample/controllers/default.py: 8
[2015-07-16 13:13:40] EDIT TrainCountingExample/controllers/default.py: 0
[2015-07-16 13:13:58] EDIT TrainCountingExample/controllers/default.py: -1
[2015-07-16 13:15:40] EDIT TrainCountingExample/controllers/default.py: 1
[2015-07-16 13:15:50] EDIT TrainCountingExample/controllers/default.py: 0
[2015-07-16 13:16:01] EDIT TrainCountingExample/controllers/default.py: 0
[2015-07-16 13:18:35] EDIT TrainCountingExample/views/default/index.html: -34
[2015-07-16 13:19:30] EDIT TrainCountingExample/controllers/default.py: 0
[2015-07-16 13:20:22] EDIT TrainCountingExample/views/default/index.html: -1
[2015-07-16 13:21:36] EDIT TrainCountingExample/controllers/default.py: 0
[2015-07-16 13:22:14] EDIT TrainCountingExample/views/default/index.html: 12
[2015-07-16 13:27:42] EDIT TrainCountingExample/controllers/default.py: 0
[2015-07-16 13:29:01] EDIT TrainCountingExample/controllers/default.py: 0
[2015-07-16 13:36:18] EDIT TrainCountingExample/controllers/default.py: 0
[2015-07-16 13:41:39] EDIT TrainCountingExample/views/layout.html: 14
[2015-07-16 13:42:17] EDIT TrainCountingExample/views/default/index.html: 1
[2015-07-16 14:21:35] EDIT TrainCountingExample/controllers/default.py: -3
[2015-07-16 14:23:15] EDIT TrainCountingExample/controllers/default.py: 0
[2015-07-16 14:23:18] EDIT TrainCountingExample/controllers/default.py: 0
[2015-07-16 14:24:16] EDIT TrainCountingExample/views/default/index.html: -1
[2015-07-16 14:24:54] DELETE TrainCountingExample/views/default/index.html.1: -26
[2015-07-16 14:25:04] EDIT TrainCountingExample/views/default/index.html: 0
[2015-07-16 14:25:47] EDIT TrainCountingExample/controllers/default.py: 0
[2015-07-16 14:28:34] EDIT TrainCountingExample/controllers/default.py: -5
[2015-07-16 14:29:28] EDIT TrainCountingExample/views/default/index.html: -12
[2015-07-16 14:33:12] EDIT TrainCountingExample/views/default/index.html: 12
[2015-07-16 14:35:42] EDIT TrainCountingExample/controllers/default.py: 0
[2015-07-16 14:49:48] EDIT TrainCountingExample/controllers/default.py: 0
[2015-07-16 14:52:35] EDIT TrainCountingExample/controllers/default.py: 0
[2015-07-16 14:54:01] EDIT TrainCountingExample/controllers/default.py: 0
[2015-07-16 14:55:58] EDIT TrainCountingExample/controllers/default.py: 0
[2015-07-16 14:56:17] EDIT TrainCountingExample/controllers/default.py: 0
[2015-07-16 15:10:39] EDIT TrainCountingExample/views/default/index.html: -12
[2015-07-16 15:19:06] EDIT TrainCountingExample/controllers/default.py: 0
[2015-07-16 15:44:54] EDIT TrainCountingExample/controllers/default.py: 0
[2015-07-16 15:47:45] EDIT TrainCountingExample/controllers/default.py: 0
[2015-07-16 15:47:53] EDIT TrainCountingExample/controllers/default.py: 0
[2015-07-16 15:47:53] EDIT TrainCountingExample/controllers/default.py: 0
